2021/16/03 07:21:20 ==========正在爬取【衬衫】评论==========
2021/16/03 07:21:38 第1页好评爬取成功！
2021/16/03 07:21:41 第2页好评爬取成功！
2021/16/03 07:21:43 第3页好评爬取成功！
2021/16/03 07:21:45 第4页好评爬取成功！
2021/16/03 07:21:47 第5页好评爬取成功！
2021/16/03 07:21:50 第6页好评爬取成功！
2021/16/03 07:21:51 第1页差评爬取失败...
2021/16/03 07:21:51 第2页差评爬取失败...
2021/16/03 07:21:51 第3页差评爬取失败...
2021/16/03 07:21:53 第4页差评爬取成功！
2021/16/03 07:21:54 第5页差评爬取失败...
2021/16/03 07:21:54 第6页差评爬取失败...
2021/16/03 07:21:54 数据保存成功！
2021/16/03 07:21:56 ==========正在爬取【手机】评论==========
2021/16/03 07:22:22 第1页好评爬取成功！
2021/16/03 07:22:24 第2页好评爬取成功！
2021/16/03 07:22:26 第3页好评爬取成功！
2021/16/03 07:22:28 第4页好评爬取成功！
2021/16/03 07:22:31 第5页好评爬取成功！
2021/16/03 07:22:33 第6页好评爬取成功！
2021/16/03 07:22:34 第1页差评爬取失败...
2021/16/03 07:22:34 第2页差评爬取失败...
2021/16/03 07:22:34 第3页差评爬取失败...
2021/16/03 07:22:34 第4页差评爬取失败...
2021/16/03 07:22:37 第5页差评爬取成功！
2021/16/03 07:22:39 第6页差评爬取成功！
2021/16/03 07:22:39 数据保存成功！
2021/16/03 07:22:41 ==========正在爬取【洗面奶】评论==========
2021/16/03 07:25:31 ==========正在爬取【衬衫】评论==========
2021/16/03 07:25:54 第1页好评爬取成功！
2021/16/03 07:25:57 第2页好评爬取成功！
2021/16/03 07:25:59 第3页好评爬取成功！
2021/16/03 07:26:01 第4页好评爬取成功！
2021/16/03 07:26:03 第5页好评爬取成功！
2021/16/03 07:26:06 第6页好评爬取成功！
2021/16/03 07:26:08 第1页差评爬取失败...
2021/16/03 07:26:08 第2页差评爬取失败...
2021/16/03 07:26:08 第3页差评爬取失败...
2021/16/03 07:26:10 第4页差评爬取成功！
2021/16/03 07:26:13 第5页差评爬取成功！
2021/16/03 07:26:15 第6页差评爬取成功！
2021/16/03 07:26:15 数据保存成功！
2021/16/03 07:26:41 ==========正在爬取【手机】评论==========
2021/16/03 07:27:02 第1页好评爬取成功！
2021/16/03 07:27:05 第2页好评爬取成功！
2021/16/03 07:27:07 第3页好评爬取成功！
2021/16/03 07:27:09 第4页好评爬取成功！
2021/16/03 07:27:11 第5页好评爬取成功！
2021/16/03 07:27:11 第6页好评爬取失败...
2021/16/03 07:38:26 ==========正在爬取【手机】评论==========
2021/16/03 07:38:50 第1页好评爬取成功！
2021/16/03 07:38:53 第2页好评爬取成功！
2021/16/03 07:38:55 第3页好评爬取成功！
2021/16/03 07:38:57 第4页好评爬取成功！
2021/16/03 07:38:59 第5页好评爬取成功！
2021/16/03 07:39:02 第6页好评爬取成功！
2021/16/03 07:39:05 第1页差评爬取成功！
2021/16/03 07:39:07 第2页差评爬取成功！
2021/16/03 07:39:10 第3页差评爬取成功！
2021/16/03 07:39:12 第4页差评爬取成功！
2021/16/03 07:39:14 第5页差评爬取成功！
2021/16/03 07:39:16 第6页差评爬取成功！
2021/16/03 07:39:19 数据保存成功！
2021/16/03 07:41:04 ==========正在爬取【衬衫】评论==========
2021/16/03 07:41:25 第1页好评爬取成功！
2021/16/03 07:41:27 第2页好评爬取成功！
2021/16/03 07:41:30 第3页好评爬取成功！
2021/16/03 07:41:32 第4页好评爬取成功！
2021/16/03 07:41:34 第5页好评爬取成功！
2021/16/03 07:41:36 第6页好评爬取成功！
2021/16/03 07:41:41 第1页差评爬取成功！
2021/16/03 07:41:43 第2页差评爬取成功！
2021/16/03 07:41:45 第3页差评爬取成功！
2021/16/03 07:41:48 第4页差评爬取成功！
2021/16/03 07:41:50 第5页差评爬取成功！
2021/16/03 07:41:52 第6页差评爬取成功！
2021/16/03 07:41:54 数据保存成功！
2021/16/03 07:42:17 ==========正在爬取【洗面奶】评论==========
2021/16/03 07:42:47 第1页好评爬取成功！
2021/16/03 07:42:59 第1页好评爬取失败...
2021/16/03 07:42:59 第2页好评爬取成功！
2021/16/03 07:43:01 第2页好评爬取失败...
2021/16/03 07:43:12 第3页好评爬取成功！
2021/16/03 07:43:25 第3页好评爬取失败...
2021/16/03 07:43:25 第4页好评爬取成功！
2021/16/03 07:43:37 第4页好评爬取失败...
2021/16/03 07:43:37 第5页好评爬取成功！
2021/16/03 07:43:50 第5页好评爬取失败...
2021/16/03 07:43:50 第6页好评爬取成功！
2021/16/03 07:43:53 第7页好评爬取成功！
2021/16/03 07:43:55 第8页好评爬取成功！
2021/16/03 07:43:57 第9页好评爬取成功！
2021/16/03 07:43:59 第10页好评爬取成功！
2021/16/03 07:44:02 第11页好评爬取成功！
2021/16/03 07:44:04 第12页好评爬取成功！
2021/16/03 07:44:06 第13页好评爬取成功！
2021/16/03 07:44:08 第14页好评爬取成功！
2021/16/03 07:44:11 第15页好评爬取成功！
2021/16/03 07:44:13 第16页好评爬取成功！
2021/16/03 07:44:15 第17页好评爬取成功！
2021/16/03 07:44:17 第18页好评爬取成功！
2021/16/03 07:44:19 第19页好评爬取成功！
2021/16/03 07:44:22 第20页好评爬取成功！
2021/16/03 07:44:24 第21页好评爬取成功！
2021/16/03 07:44:26 第22页好评爬取成功！
2021/16/03 07:44:29 第23页好评爬取成功！
2021/16/03 07:44:31 第24页好评爬取成功！
2021/16/03 07:44:33 第25页好评爬取成功！
2021/16/03 07:44:35 第26页好评爬取成功！
2021/16/03 07:44:38 第27页好评爬取成功！
2021/16/03 07:44:40 第28页好评爬取成功！
2021/16/03 07:44:42 第29页好评爬取成功！
2021/16/03 07:44:44 第30页好评爬取成功！
2021/16/03 07:44:47 第31页好评爬取成功！
2021/16/03 07:44:49 第32页好评爬取成功！
2021/16/03 07:44:51 第33页好评爬取成功！
2021/16/03 07:44:53 第34页好评爬取成功！
2021/16/03 07:44:55 第35页好评爬取成功！
2021/16/03 07:44:58 第36页好评爬取成功！
2021/16/03 07:45:00 第37页好评爬取成功！
2021/16/03 07:45:02 第38页好评爬取成功！
2021/16/03 07:45:04 第39页好评爬取成功！
2021/16/03 07:45:07 第40页好评爬取成功！
2021/16/03 07:45:09 第41页好评爬取成功！
2021/16/03 07:45:11 第42页好评爬取成功！
2021/16/03 07:45:13 第43页好评爬取成功！
2021/16/03 07:45:15 第44页好评爬取成功！
2021/16/03 07:45:18 第45页好评爬取成功！
2021/16/03 07:45:20 第46页好评爬取成功！
2021/16/03 07:45:22 第47页好评爬取成功！
2021/16/03 07:45:24 第48页好评爬取成功！
2021/16/03 07:45:26 第49页好评爬取成功！
2021/16/03 07:45:29 第50页好评爬取成功！
2021/16/03 07:45:31 第51页好评爬取成功！
2021/16/03 07:45:33 第52页好评爬取成功！
2021/16/03 07:45:35 第53页好评爬取成功！
2021/16/03 07:45:38 第54页好评爬取成功！
2021/16/03 07:45:40 第55页好评爬取成功！
2021/16/03 07:45:42 第56页好评爬取成功！
2021/16/03 07:45:44 第57页好评爬取成功！
2021/16/03 07:45:46 第58页好评爬取成功！
2021/16/03 07:45:49 第59页好评爬取成功！
2021/16/03 07:45:51 第60页好评爬取成功！
2021/16/03 07:45:53 第61页好评爬取成功！
2021/16/03 07:45:55 第62页好评爬取成功！
2021/16/03 07:45:57 第63页好评爬取成功！
2021/16/03 07:46:00 第64页好评爬取成功！
2021/16/03 07:46:02 第65页好评爬取成功！
2021/16/03 07:46:04 第66页好评爬取成功！
2021/16/03 07:46:06 第67页好评爬取成功！
2021/16/03 07:46:09 第68页好评爬取成功！
2021/16/03 07:46:11 第69页好评爬取成功！
2021/16/03 07:46:13 第70页好评爬取成功！
2021/16/03 07:46:15 第71页好评爬取成功！
2021/16/03 07:46:17 第72页好评爬取成功！
2021/16/03 07:46:20 第73页好评爬取成功！
2021/16/03 07:46:22 第74页好评爬取成功！
2021/16/03 07:46:24 第75页好评爬取成功！
2021/16/03 07:46:26 第76页好评爬取成功！
2021/16/03 07:46:28 第77页好评爬取成功！
2021/16/03 07:46:31 第78页好评爬取成功！
2021/16/03 07:46:33 第79页好评爬取成功！
2021/16/03 07:46:35 第80页好评爬取成功！
2021/16/03 07:46:37 第81页好评爬取成功！
2021/16/03 07:46:40 第82页好评爬取成功！
2021/16/03 07:46:42 第83页好评爬取成功！
2021/16/03 07:46:44 第84页好评爬取成功！
2021/16/03 07:46:46 第85页好评爬取成功！
2021/16/03 07:46:48 第86页好评爬取成功！
2021/16/03 07:46:51 第87页好评爬取成功！
2021/16/03 07:46:53 第88页好评爬取成功！
2021/16/03 07:46:55 第89页好评爬取成功！
2021/16/03 07:46:57 第90页好评爬取成功！
2021/16/03 07:46:59 第91页好评爬取成功！
2021/16/03 07:47:02 第92页好评爬取成功！
2021/16/03 07:47:04 第93页好评爬取成功！
2021/16/03 07:47:06 第94页好评爬取成功！
2021/16/03 07:47:08 第95页好评爬取成功！
2021/16/03 07:47:10 第96页好评爬取成功！
2021/16/03 07:47:13 第97页好评爬取成功！
2021/16/03 07:47:15 第98页好评爬取成功！
2021/16/03 07:47:17 第99页好评爬取成功！
2021/16/03 07:47:19 第100页好评爬取成功！
2021/16/03 07:47:21 第101页好评爬取成功！
2021/16/03 07:47:24 第102页好评爬取成功！
2021/16/03 07:47:26 第103页好评爬取成功！
2021/16/03 07:47:28 第104页好评爬取成功！
2021/16/03 07:47:30 第105页好评爬取成功！
2021/16/03 07:47:33 第106页好评爬取成功！
2021/16/03 07:47:35 第107页好评爬取成功！
2021/16/03 07:47:37 第108页好评爬取成功！
2021/16/03 07:47:39 第109页好评爬取成功！
2021/16/03 07:47:41 第110页好评爬取成功！
2021/16/03 07:47:43 第111页好评爬取成功！
2021/16/03 07:47:46 第112页好评爬取成功！
2021/16/03 07:47:48 第113页好评爬取成功！
2021/16/03 07:47:50 第114页好评爬取成功！
2021/16/03 07:47:52 第115页好评爬取成功！
2021/16/03 07:47:54 第116页好评爬取成功！
2021/16/03 07:47:57 第117页好评爬取成功！
2021/16/03 07:47:59 第118页好评爬取成功！
2021/16/03 07:48:01 第119页好评爬取成功！
2021/16/03 07:48:03 第120页好评爬取成功！
2021/16/03 07:48:05 第121页好评爬取成功！
2021/16/03 07:48:07 第122页好评爬取成功！
2021/16/03 07:48:10 第123页好评爬取成功！
2021/16/03 07:48:12 第124页好评爬取成功！
2021/16/03 07:48:14 第125页好评爬取成功！
2021/16/03 07:48:16 第126页好评爬取成功！
2021/16/03 07:48:18 第127页好评爬取成功！
2021/16/03 07:54:34 ==========正在爬取【手机】评论==========
2021/16/03 07:58:19 ==========正在爬取【手机】评论==========
2021/16/03 07:58:59 第1页好评爬取成功！
2021/16/03 07:59:01 第2页好评爬取成功！
2021/16/03 07:59:04 第3页好评爬取成功！
2021/16/03 07:59:06 第4页好评爬取成功！
2021/16/03 07:59:08 第5页好评爬取成功！
2021/16/03 07:59:10 第6页好评爬取成功！
2021/16/03 08:01:11 ==========正在爬取【手机】评论==========
2021/16/03 08:01:33 第1页好评爬取成功！
2021/16/03 08:01:35 第2页好评爬取成功！
2021/16/03 08:01:38 第3页好评爬取成功！
2021/16/03 08:01:40 第4页好评爬取成功！
2021/16/03 08:01:42 第5页好评爬取成功！
2021/16/03 08:01:44 第6页好评爬取成功！
2021/16/03 08:04:00 ==========正在爬取【手机】评论==========
2021/16/03 08:04:17 第1页好评爬取成功！
2021/16/03 08:04:19 第2页好评爬取成功！
2021/16/03 08:04:21 第3页好评爬取成功！
2021/16/03 08:04:23 第4页好评爬取成功！
2021/16/03 08:04:26 第5页好评爬取成功！
2021/16/03 08:04:28 第6页好评爬取成功！
2021/16/03 08:05:31 ==========正在爬取【手机】评论==========
2021/16/03 08:05:48 第1页好评爬取成功！
2021/16/03 08:05:50 第2页好评爬取成功！
2021/16/03 08:05:52 第3页好评爬取成功！
2021/16/03 08:05:55 第4页好评爬取成功！
2021/16/03 08:05:57 第5页好评爬取成功！
2021/16/03 08:05:59 第6页好评爬取成功！
2021/16/03 08:06:02 第1页差评爬取成功！
2021/16/03 08:06:05 第2页差评爬取成功！
2021/16/03 08:06:07 第3页差评爬取成功！
2021/16/03 08:06:09 第4页差评爬取成功！
2021/16/03 08:06:11 第5页差评爬取成功！
2021/16/03 08:06:14 第6页差评爬取成功！
2021/16/03 08:06:16 数据保存成功！
2021/16/03 08:20:20 ==========正在爬取【手机】评论==========
2021/16/03 08:20:49 第1页好评爬取成功！
2021/16/03 08:20:52 第2页好评爬取成功！
2021/16/03 08:20:54 第3页好评爬取成功！
2021/16/03 08:20:56 第4页好评爬取成功！
2021/16/03 08:20:59 第5页好评爬取成功！
2021/16/03 08:21:01 第6页好评爬取成功！
2021/16/03 08:21:04 第1页差评爬取成功！
2021/16/03 08:21:06 第2页差评爬取成功！
2021/16/03 08:21:09 第3页差评爬取成功！
2021/16/03 08:21:11 第4页差评爬取成功！
2021/16/03 08:21:13 第5页差评爬取成功！
2021/16/03 08:21:16 第6页差评爬取成功！
2021/16/03 08:21:29 第6页差评爬取失败...
2021/16/03 08:21:29 数据保存成功！
2021/16/03 08:23:12 ==========正在爬取【手机】评论==========
2021/16/03 08:23:32 第1页好评爬取成功！
2021/16/03 08:23:35 第2页好评爬取成功！
2021/16/03 08:23:37 第3页好评爬取成功！
2021/16/03 08:23:39 第4页好评爬取成功！
2021/16/03 08:23:42 第5页好评爬取成功！
2021/16/03 08:23:44 第6页好评爬取成功！
2021/16/03 08:23:47 第1页差评爬取成功！
2021/16/03 08:24:00 第2页差评爬取失败...
2021/16/03 08:24:00 第3页差评爬取成功！
2021/16/03 08:24:02 第4页差评爬取成功！
2021/16/03 08:24:05 第5页差评爬取成功！
2021/16/03 08:24:07 第6页差评爬取成功！
2021/16/03 08:24:09 数据保存成功！
2021/16/03 08:25:08 ==========正在爬取【衬衫】评论==========
2021/16/03 08:25:25 第1页好评爬取成功！
2021/16/03 08:25:27 第2页好评爬取成功！
2021/16/03 08:25:43 第3页好评爬取失败...
2021/16/03 08:25:43 第4页好评爬取成功！
2021/16/03 08:25:45 第5页好评爬取成功！
2021/16/03 08:26:00 第6页好评爬取失败...
2021/16/03 08:26:02 第1页差评爬取成功！
2021/16/03 08:26:04 第2页差评爬取成功！
2021/16/03 08:26:07 第3页差评爬取成功！
2021/16/03 08:26:22 第4页差评爬取失败...
2021/16/03 08:26:22 第5页差评爬取成功！
2021/16/03 08:26:24 第6页差评爬取成功！
2021/16/03 08:26:26 数据保存成功！
2021/16/03 08:26:28 ==========正在爬取【手机】评论==========
2021/16/03 08:26:57 第1页好评爬取成功！
2021/16/03 08:26:59 第2页好评爬取成功！
2021/16/03 08:27:01 第3页好评爬取成功！
2021/16/03 08:27:16 第4页好评爬取失败...
2021/16/03 08:27:16 第5页好评爬取成功！
2021/16/03 08:27:18 第6页好评爬取成功！
2021/16/03 08:27:22 第1页差评爬取成功！
2021/16/03 08:27:37 第2页差评爬取失败...
2021/16/03 08:27:37 第3页差评爬取成功！
2021/16/03 08:27:39 第4页差评爬取成功！
2021/16/03 08:27:41 第5页差评爬取成功！
2021/16/03 08:27:43 第6页差评爬取成功！
2021/16/03 08:27:45 数据保存成功！
2021/16/03 08:27:47 ==========正在爬取【洗面奶】评论==========
2021/16/03 08:40:56 ==========正在爬取【衬衫】评论==========
2021/16/03 08:43:06 ==========正在爬取【衬衫】评论==========
2021/16/03 08:48:46 ==========正在爬取【衬衫】评论==========
2021/16/03 08:53:00 ==========正在爬取【衬衫】评论==========
2021/16/03 08:53:26 第1页好评爬取成功！
2021/16/03 08:53:28 第2页好评爬取成功！
2021/16/03 08:53:31 第3页好评爬取成功！
2021/16/03 08:53:33 第4页好评爬取成功！
2021/16/03 08:53:35 第5页好评爬取成功！
2021/16/03 08:53:37 第6页好评爬取成功！
2021/16/03 08:53:42 第1页差评爬取成功！
2021/16/03 08:53:44 第2页差评爬取成功！
2021/16/03 08:53:46 第3页差评爬取成功！
2021/16/03 08:53:49 第4页差评爬取成功！
2021/16/03 08:53:51 第5页差评爬取成功！
2021/16/03 08:53:53 第6页差评爬取成功！
2021/16/03 08:53:55 数据保存成功！
2021/16/03 08:54:13 ==========正在爬取【手机】评论==========
2021/16/03 08:54:30 第1页好评爬取成功！
2021/16/03 08:54:32 第2页好评爬取成功！
2021/16/03 08:54:35 第3页好评爬取成功！
2021/16/03 08:54:37 第4页好评爬取成功！
2021/16/03 08:54:39 第5页好评爬取成功！
2021/16/03 08:54:41 第6页好评爬取成功！
2021/16/03 08:54:45 第1页差评爬取成功！
2021/16/03 08:54:47 第2页差评爬取成功！
2021/16/03 08:54:49 第3页差评爬取成功！
2021/16/03 08:54:52 第4页差评爬取成功！
2021/16/03 08:54:54 第5页差评爬取成功！
2021/16/03 08:54:56 第6页差评爬取成功！
2021/16/03 08:54:58 数据保存成功！
2021/16/03 08:55:00 ==========正在爬取【洗面奶】评论==========
2021/16/03 08:55:43 正在爬取好评评论！
2021/16/03 08:55:45 第1页好评爬取成功！
2021/16/03 08:55:47 第2页好评爬取成功！
2021/16/03 08:55:49 第3页好评爬取成功！
2021/16/03 08:55:52 第4页好评爬取成功！
2021/16/03 08:55:54 第5页好评爬取成功！
2021/16/03 08:55:56 第6页好评爬取成功！
2021/16/03 08:56:12 第7页好评爬取失败...
2021/16/03 08:56:12 第8页好评爬取成功！
2021/16/03 08:56:15 第9页好评爬取成功！
2021/16/03 08:56:17 第10页好评爬取成功！
2021/16/03 08:56:19 第11页好评爬取成功！
2021/16/03 08:56:22 第12页好评爬取成功！
2021/16/03 08:56:24 第13页好评爬取成功！
2021/16/03 08:56:26 第14页好评爬取成功！
2021/16/03 08:56:28 第15页好评爬取成功！
2021/16/03 08:56:31 第16页好评爬取成功！
2021/16/03 08:56:33 第17页好评爬取成功！
2021/16/03 08:56:35 第18页好评爬取成功！
2021/16/03 08:56:37 第19页好评爬取成功！
2021/16/03 08:56:39 第20页好评爬取成功！
2021/16/03 08:56:41 第21页好评爬取成功！
2021/16/03 08:56:43 第22页好评爬取成功！
2021/16/03 08:56:46 第23页好评爬取成功！
2021/16/03 08:56:48 第24页好评爬取成功！
2021/16/03 08:56:50 第25页好评爬取成功！
2021/16/03 08:56:52 第26页好评爬取成功！
2021/16/03 08:56:54 第27页好评爬取成功！
2021/16/03 08:56:56 第28页好评爬取成功！
2021/16/03 08:56:58 第29页好评爬取成功！
2021/16/03 08:57:01 第30页好评爬取成功！
2021/16/03 08:57:03 第31页好评爬取成功！
2021/16/03 08:57:05 第32页好评爬取成功！
2021/16/03 08:57:07 第33页好评爬取成功！
2021/16/03 08:57:09 第34页好评爬取成功！
2021/16/03 08:57:11 第35页好评爬取成功！
2021/16/03 08:57:13 第36页好评爬取成功！
2021/16/03 08:57:15 第37页好评爬取成功！
2021/16/03 08:57:17 第38页好评爬取成功！
2021/16/03 08:57:19 第39页好评爬取成功！
2021/16/03 08:57:22 第40页好评爬取成功！
2021/16/03 08:57:24 第41页好评爬取成功！
2021/16/03 08:57:26 第42页好评爬取成功！
2021/16/03 08:57:28 第43页好评爬取成功！
2021/16/03 08:57:30 第44页好评爬取成功！
2021/16/03 08:57:32 第45页好评爬取成功！
2021/16/03 08:57:34 第46页好评爬取成功！
2021/16/03 08:57:36 第47页好评爬取成功！
2021/16/03 08:57:38 第48页好评爬取成功！
2021/16/03 08:57:41 第49页好评爬取成功！
2021/16/03 08:57:43 第50页好评爬取成功！
2021/16/03 08:57:45 第51页好评爬取成功！
2021/16/03 08:57:47 第52页好评爬取成功！
2021/16/03 08:57:49 第53页好评爬取成功！
2021/16/03 08:57:51 第54页好评爬取成功！
2021/16/03 08:57:53 第55页好评爬取成功！
2021/16/03 08:57:55 第56页好评爬取成功！
2021/16/03 08:57:57 第57页好评爬取成功！
2021/16/03 08:57:59 第58页好评爬取成功！
2021/16/03 08:58:01 第59页好评爬取成功！
2021/16/03 08:58:04 第60页好评爬取成功！
2021/16/03 08:58:06 第61页好评爬取成功！
2021/16/03 08:58:08 第62页好评爬取成功！
2021/16/03 08:58:10 第63页好评爬取成功！
2021/16/03 08:58:12 第64页好评爬取成功！
2021/16/03 08:58:14 第65页好评爬取成功！
2021/16/03 08:58:16 第66页好评爬取成功！
2021/16/03 08:58:18 第67页好评爬取成功！
2021/16/03 08:58:20 第68页好评爬取成功！
2021/16/03 08:58:22 第69页好评爬取成功！
2021/16/03 08:58:25 第70页好评爬取成功！
2021/16/03 08:58:27 第71页好评爬取成功！
2021/16/03 08:58:29 第72页好评爬取成功！
2021/16/03 08:58:31 第73页好评爬取成功！
2021/16/03 08:58:33 第74页好评爬取成功！
2021/16/03 08:58:35 第75页好评爬取成功！
2021/16/03 08:58:37 第76页好评爬取成功！
2021/16/03 08:58:39 第77页好评爬取成功！
2021/16/03 08:58:41 第78页好评爬取成功！
2021/16/03 08:58:43 第79页好评爬取成功！
2021/16/03 08:58:45 第80页好评爬取成功！
2021/16/03 08:58:48 第81页好评爬取成功！
2021/16/03 08:58:50 第82页好评爬取成功！
2021/16/03 08:58:52 第83页好评爬取成功！
2021/16/03 08:58:54 第84页好评爬取成功！
2021/16/03 08:58:56 第85页好评爬取成功！
2021/16/03 08:58:58 第86页好评爬取成功！
2021/16/03 08:59:00 第87页好评爬取成功！
2021/16/03 08:59:02 第88页好评爬取成功！
2021/16/03 08:59:04 第89页好评爬取成功！
2021/16/03 08:59:06 第90页好评爬取成功！
2021/16/03 08:59:09 第91页好评爬取成功！
2021/16/03 08:59:11 第92页好评爬取成功！
2021/16/03 08:59:13 第93页好评爬取成功！
2021/16/03 08:59:15 第94页好评爬取成功！
2021/16/03 08:59:17 第95页好评爬取成功！
2021/16/03 08:59:19 第96页好评爬取成功！
2021/16/03 08:59:21 第97页好评爬取成功！
2021/16/03 08:59:23 第98页好评爬取成功！
2021/16/03 08:59:25 第99页好评爬取成功！
2021/16/03 08:59:27 第100页好评爬取成功！
2021/16/03 08:59:30 第101页好评爬取成功！
2021/16/03 08:59:32 第102页好评爬取成功！
2021/16/03 08:59:34 第103页好评爬取成功！
2021/16/03 08:59:36 第104页好评爬取成功！
2021/16/03 08:59:38 第105页好评爬取成功！
2021/16/03 08:59:40 第106页好评爬取成功！
2021/16/03 08:59:42 第107页好评爬取成功！
2021/16/03 08:59:44 第108页好评爬取成功！
2021/16/03 08:59:46 第109页好评爬取成功！
2021/16/03 08:59:48 第110页好评爬取成功！
2021/16/03 08:59:51 第111页好评爬取成功！
2021/16/03 08:59:53 第112页好评爬取成功！
2021/16/03 08:59:55 第113页好评爬取成功！
2021/16/03 08:59:57 第114页好评爬取成功！
2021/16/03 08:59:59 第115页好评爬取成功！
2021/16/03 09:00:01 第116页好评爬取成功！
2021/16/03 09:00:03 第117页好评爬取成功！
2021/16/03 09:00:05 第118页好评爬取成功！
2021/16/03 09:00:07 第119页好评爬取成功！
2021/16/03 09:00:09 第120页好评爬取成功！
2021/16/03 09:00:11 第121页好评爬取成功！
2021/16/03 09:00:14 第122页好评爬取成功！
2021/16/03 09:00:16 第123页好评爬取成功！
2021/16/03 09:00:18 第124页好评爬取成功！
2021/16/03 09:00:20 第125页好评爬取成功！
2021/16/03 09:00:22 第126页好评爬取成功！
2021/16/03 09:00:24 第127页好评爬取成功！
2021/16/03 09:03:24 ==========正在爬取【洗面奶】评论==========
2021/16/03 09:04:00 第1页好评爬取成功！
2021/16/03 09:04:02 第2页好评爬取成功！
2021/16/03 09:04:04 第3页好评爬取成功！
2021/16/03 09:04:06 第4页好评爬取成功！
2021/16/03 09:04:09 第5页好评爬取成功！
2021/16/03 09:04:11 第6页好评爬取成功！
2021/16/03 09:04:13 第7页好评爬取成功！
2021/16/03 09:04:15 第8页好评爬取成功！
2021/16/03 09:04:17 第9页好评爬取成功！
2021/16/03 09:04:20 第10页好评爬取成功！
2021/16/03 09:04:22 第11页好评爬取成功！
2021/16/03 09:04:24 第12页好评爬取成功！
2021/16/03 09:04:27 第13页好评爬取成功！
2021/16/03 09:04:29 第14页好评爬取成功！
2021/16/03 09:04:31 第15页好评爬取成功！
2021/16/03 09:04:33 第16页好评爬取成功！
2021/16/03 09:04:35 第17页好评爬取成功！
2021/16/03 09:04:38 第18页好评爬取成功！
2021/16/03 09:04:40 第19页好评爬取成功！
2021/16/03 09:04:42 第20页好评爬取成功！
2021/16/03 09:04:44 第21页好评爬取成功！
2021/16/03 09:04:47 第22页好评爬取成功！
2021/16/03 09:04:49 第23页好评爬取成功！
2021/16/03 09:04:51 第24页好评爬取成功！
2021/16/03 09:04:53 第25页好评爬取成功！
2021/16/03 09:04:56 第26页好评爬取成功！
2021/16/03 09:04:58 第27页好评爬取成功！
2021/16/03 09:05:00 第28页好评爬取成功！
2021/16/03 09:05:02 第29页好评爬取成功！
2021/16/03 09:05:05 第30页好评爬取成功！
2021/16/03 09:05:07 第31页好评爬取成功！
2021/16/03 09:05:09 第32页好评爬取成功！
2021/16/03 09:05:11 第33页好评爬取成功！
2021/16/03 09:05:13 第34页好评爬取成功！
2021/16/03 09:05:16 第35页好评爬取成功！
2021/16/03 09:05:18 第36页好评爬取成功！
2021/16/03 09:05:20 第37页好评爬取成功！
2021/16/03 09:05:22 第38页好评爬取成功！
2021/16/03 09:05:25 第39页好评爬取成功！
2021/16/03 09:05:27 第40页好评爬取成功！
2021/16/03 09:05:29 第41页好评爬取成功！
2021/16/03 09:05:31 第42页好评爬取成功！
2021/16/03 09:05:33 第43页好评爬取成功！
2021/16/03 09:05:36 第44页好评爬取成功！
2021/16/03 09:05:38 第45页好评爬取成功！
2021/16/03 09:05:40 第46页好评爬取成功！
2021/16/03 09:05:42 第47页好评爬取成功！
2021/16/03 09:05:44 第48页好评爬取成功！
2021/16/03 09:05:47 第49页好评爬取成功！
2021/16/03 09:05:49 第50页好评爬取成功！
2021/16/03 09:05:51 第51页好评爬取成功！
2021/16/03 09:05:53 第52页好评爬取成功！
2021/16/03 09:05:56 第53页好评爬取成功！
2021/16/03 09:05:58 第54页好评爬取成功！
2021/16/03 09:06:00 第55页好评爬取成功！
2021/16/03 09:06:02 第56页好评爬取成功！
2021/16/03 09:06:04 第57页好评爬取成功！
2021/16/03 09:06:06 第58页好评爬取成功！
2021/16/03 09:06:09 第59页好评爬取成功！
2021/16/03 09:06:11 第60页好评爬取成功！
2021/16/03 09:06:13 第61页好评爬取成功！
2021/16/03 09:06:15 第62页好评爬取成功！
2021/16/03 09:06:17 第63页好评爬取成功！
2021/16/03 09:06:19 第64页好评爬取成功！
2021/16/03 09:06:21 第65页好评爬取成功！
2021/16/03 09:06:23 第66页好评爬取成功！
2021/16/03 09:06:25 第67页好评爬取成功！
2021/16/03 09:06:27 第68页好评爬取成功！
2021/16/03 09:06:30 第69页好评爬取成功！
2021/16/03 09:06:32 第70页好评爬取成功！
2021/16/03 09:06:34 第71页好评爬取成功！
2021/16/03 09:06:36 第72页好评爬取成功！
2021/16/03 09:06:38 第73页好评爬取成功！
2021/16/03 09:06:40 第74页好评爬取成功！
2021/16/03 09:06:42 第75页好评爬取成功！
2021/16/03 09:06:44 第76页好评爬取成功！
2021/16/03 09:06:46 第77页好评爬取成功！
2021/16/03 09:06:49 第78页好评爬取成功！
2021/16/03 09:06:51 第79页好评爬取成功！
2021/16/03 09:06:53 第80页好评爬取成功！
2021/16/03 09:06:55 第81页好评爬取成功！
2021/16/03 09:06:57 第82页好评爬取成功！
2021/16/03 09:06:59 第83页好评爬取成功！
2021/16/03 09:07:01 第84页好评爬取成功！
2021/16/03 09:07:03 第85页好评爬取成功！
2021/16/03 09:07:05 第86页好评爬取成功！
2021/16/03 09:07:08 第87页好评爬取成功！
2021/16/03 09:07:10 第88页好评爬取成功！
2021/16/03 09:07:12 第89页好评爬取成功！
2021/16/03 09:07:14 第90页好评爬取成功！
2021/16/03 09:07:16 第91页好评爬取成功！
2021/16/03 09:07:18 第92页好评爬取成功！
2021/16/03 09:07:20 第93页好评爬取成功！
2021/16/03 09:07:22 第94页好评爬取成功！
2021/16/03 09:07:24 第95页好评爬取成功！
2021/16/03 09:07:26 第96页好评爬取成功！
2021/16/03 09:07:29 第97页好评爬取成功！
2021/16/03 09:07:31 第98页好评爬取成功！
2021/16/03 09:07:33 第99页好评爬取成功！
2021/16/03 09:07:35 第100页好评爬取成功！
2021/16/03 09:07:37 第101页好评爬取成功！
2021/16/03 09:07:39 第102页好评爬取成功！
2021/16/03 09:07:41 第103页好评爬取成功！
2021/16/03 09:07:43 第104页好评爬取成功！
2021/16/03 09:07:45 第105页好评爬取成功！
2021/16/03 09:07:47 第106页好评爬取成功！
2021/16/03 09:07:50 第107页好评爬取成功！
2021/16/03 09:07:52 第108页好评爬取成功！
2021/16/03 09:07:54 第109页好评爬取成功！
2021/16/03 09:07:56 第110页好评爬取成功！
2021/16/03 09:07:58 第111页好评爬取成功！
2021/16/03 09:08:00 第112页好评爬取成功！
2021/16/03 09:08:02 第113页好评爬取成功！
2021/16/03 09:08:04 第114页好评爬取成功！
2021/16/03 09:08:06 第115页好评爬取成功！
2021/16/03 09:08:09 第116页好评爬取成功！
2021/16/03 09:08:11 第117页好评爬取成功！
2021/16/03 09:08:13 第118页好评爬取成功！
2021/16/03 09:08:15 第119页好评爬取成功！
2021/16/03 09:08:17 第120页好评爬取成功！
2021/16/03 09:08:19 第121页好评爬取成功！
2021/16/03 09:08:21 第122页好评爬取成功！
2021/16/03 09:08:23 第123页好评爬取成功！
2021/16/03 09:08:26 第124页好评爬取成功！
2021/16/03 09:08:28 第125页好评爬取成功！
2021/16/03 09:08:30 第126页好评爬取成功！
2021/16/03 09:08:32 第127页好评爬取成功！
2021/16/03 09:10:40 ==========正在爬取【洗面奶】评论==========
2021/16/03 09:11:34 第1页好评爬取成功！
2021/16/03 09:11:37 第2页好评爬取成功！
2021/16/03 09:11:39 第3页好评爬取成功！
2021/16/03 09:11:41 第4页好评爬取成功！
2021/16/03 09:11:43 第5页好评爬取成功！
2021/16/03 09:11:46 第6页好评爬取成功！
2021/16/03 09:11:48 第7页好评爬取成功！
2021/16/03 09:11:50 第8页好评爬取成功！
2021/16/03 09:11:53 第9页好评爬取成功！
2021/16/03 09:11:55 第10页好评爬取成功！
2021/16/03 09:11:57 第11页好评爬取成功！
2021/16/03 09:11:59 第12页好评爬取成功！
2021/16/03 09:12:02 第13页好评爬取成功！
2021/16/03 09:12:04 第14页好评爬取成功！
2021/16/03 09:12:06 第15页好评爬取成功！
2021/16/03 09:12:08 第16页好评爬取成功！
2021/16/03 09:12:11 第17页好评爬取成功！
2021/16/03 09:12:13 第18页好评爬取成功！
2021/16/03 09:12:15 第19页好评爬取成功！
2021/16/03 09:12:17 第20页好评爬取成功！
2021/16/03 09:12:20 第21页好评爬取成功！
2021/16/03 09:12:22 第22页好评爬取成功！
2021/16/03 09:12:24 第23页好评爬取成功！
2021/16/03 09:12:26 第24页好评爬取成功！
2021/16/03 09:12:29 第25页好评爬取成功！
2021/16/03 09:12:31 第26页好评爬取成功！
2021/16/03 09:12:33 第27页好评爬取成功！
2021/16/03 09:14:02 ==========正在爬取【洗面奶】评论==========
2021/16/03 09:14:32 重新尝试爬取好评！
2021/16/03 09:14:55 第1页好评爬取成功！
2021/16/03 09:14:57 第2页好评爬取成功！
2021/16/03 09:14:59 第3页好评爬取成功！
2021/16/03 09:15:02 第4页好评爬取成功！
2021/16/03 09:15:04 第5页好评爬取成功！
2021/16/03 09:15:27 ==========正在爬取【洗面奶】评论==========
2021/16/03 09:15:42 正在爬取好评评论！
2021/16/03 09:15:44 第1页好评爬取成功！
2021/16/03 09:15:47 第2页好评爬取成功！
2021/16/03 09:15:49 第3页好评爬取成功！
2021/16/03 09:15:51 第4页好评爬取成功！
2021/16/03 09:15:53 第5页好评爬取成功！
2021/16/03 09:15:56 第6页好评爬取成功！
2021/16/03 09:15:58 第7页好评爬取成功！
2021/16/03 09:16:00 第8页好评爬取成功！
2021/16/03 09:16:02 第9页好评爬取成功！
2021/16/03 09:16:05 第10页好评爬取成功！
2021/16/03 09:16:07 第11页好评爬取成功！
2021/16/03 09:16:09 第12页好评爬取成功！
2021/16/03 09:16:12 第13页好评爬取成功！
2021/16/03 09:16:14 第14页好评爬取成功！
2021/16/03 09:16:16 第15页好评爬取成功！
2021/16/03 09:16:18 第16页好评爬取成功！
2021/16/03 09:16:21 第17页好评爬取成功！
2021/16/03 09:16:23 第18页好评爬取成功！
2021/16/03 09:16:25 第19页好评爬取成功！
2021/16/03 09:16:28 第20页好评爬取成功！
2021/16/03 09:16:30 第21页好评爬取成功！
2021/16/03 09:16:32 第22页好评爬取成功！
2021/16/03 09:16:34 第23页好评爬取成功！
2021/16/03 09:16:37 第24页好评爬取成功！
2021/16/03 09:16:39 第25页好评爬取成功！
2021/16/03 09:16:41 第26页好评爬取成功！
2021/16/03 09:16:43 第27页好评爬取成功！
2021/16/03 09:16:46 第28页好评爬取成功！
2021/16/03 09:17:01 第29页好评爬取失败...
2021/16/03 09:17:01 第30页好评爬取成功！
2021/16/03 09:17:03 第31页好评爬取成功！
2021/16/03 09:17:06 第32页好评爬取成功！
2021/16/03 09:17:08 第33页好评爬取成功！
2021/16/03 09:17:10 第34页好评爬取成功！
2021/16/03 09:17:13 第35页好评爬取成功！
2021/16/03 09:17:15 第36页好评爬取成功！
2021/16/03 09:17:17 第37页好评爬取成功！
2021/16/03 09:17:19 第38页好评爬取成功！
2021/16/03 09:17:22 第39页好评爬取成功！
2021/16/03 09:17:24 第40页好评爬取成功！
2021/16/03 09:17:26 第41页好评爬取成功！
2021/16/03 09:17:28 第42页好评爬取成功！
2021/16/03 09:17:31 第43页好评爬取成功！
2021/16/03 09:17:33 第44页好评爬取成功！
2021/16/03 09:17:35 第45页好评爬取成功！
2021/16/03 09:17:38 第46页好评爬取成功！
2021/16/03 09:17:40 第47页好评爬取成功！
2021/16/03 09:17:42 第48页好评爬取成功！
2021/16/03 09:17:44 第49页好评爬取成功！
2021/16/03 09:17:47 第50页好评爬取成功！
2021/16/03 09:17:49 第51页好评爬取成功！
2021/16/03 09:17:51 第52页好评爬取成功！
2021/16/03 09:17:53 第53页好评爬取成功！
2021/16/03 09:17:56 第54页好评爬取成功！
2021/16/03 09:17:58 第55页好评爬取成功！
2021/16/03 09:18:00 第56页好评爬取成功！
2021/16/03 09:18:03 第57页好评爬取成功！
2021/16/03 09:18:05 第58页好评爬取成功！
2021/16/03 09:18:07 第59页好评爬取成功！
2021/16/03 09:18:09 第60页好评爬取成功！
2021/16/03 09:18:12 第61页好评爬取成功！
2021/16/03 09:18:14 第62页好评爬取成功！
2021/16/03 09:18:16 第63页好评爬取成功！
2021/16/03 09:18:18 第64页好评爬取成功！
2021/16/03 09:18:21 第65页好评爬取成功！
2021/16/03 09:18:23 第66页好评爬取成功！
2021/16/03 09:18:25 第67页好评爬取成功！
2021/16/03 09:18:27 第68页好评爬取成功！
2021/16/03 09:18:30 第69页好评爬取成功！
2021/16/03 09:18:32 第70页好评爬取成功！
2021/16/03 09:18:34 第71页好评爬取成功！
2021/16/03 09:18:36 第72页好评爬取成功！
2021/16/03 09:18:39 第73页好评爬取成功！
2021/16/03 09:18:41 第74页好评爬取成功！
2021/16/03 09:18:43 第75页好评爬取成功！
2021/16/03 09:18:46 第76页好评爬取成功！
2021/16/03 09:18:48 第77页好评爬取成功！
2021/16/03 09:18:50 第78页好评爬取成功！
2021/16/03 09:18:52 第79页好评爬取成功！
2021/16/03 09:18:55 第80页好评爬取成功！
2021/16/03 09:18:57 第81页好评爬取成功！
2021/16/03 09:18:59 第82页好评爬取成功！
2021/16/03 09:19:01 第83页好评爬取成功！
2021/16/03 09:19:04 第84页好评爬取成功！
2021/16/03 09:19:06 第85页好评爬取成功！
2021/16/03 09:19:08 第86页好评爬取成功！
2021/16/03 09:19:10 第87页好评爬取成功！
2021/16/03 09:19:13 第88页好评爬取成功！
2021/16/03 09:19:15 第89页好评爬取成功！
2021/16/03 09:19:17 第90页好评爬取成功！
2021/16/03 09:19:19 第91页好评爬取成功！
2021/16/03 09:19:22 第92页好评爬取成功！
2021/16/03 09:19:24 第93页好评爬取成功！
2021/16/03 09:19:26 第94页好评爬取成功！
2021/16/03 09:19:29 第95页好评爬取成功！
2021/16/03 09:19:31 第96页好评爬取成功！
2021/16/03 09:19:33 第97页好评爬取成功！
2021/16/03 09:19:35 第98页好评爬取成功！
2021/16/03 09:19:38 第99页好评爬取成功！
2021/16/03 09:19:40 第100页好评爬取成功！
2021/16/03 09:19:42 第101页好评爬取成功！
2021/16/03 09:19:44 第102页好评爬取成功！
2021/16/03 09:19:47 第103页好评爬取成功！
2021/16/03 09:19:49 第104页好评爬取成功！
2021/16/03 09:19:51 第105页好评爬取成功！
2021/16/03 09:19:53 第106页好评爬取成功！
2021/16/03 09:19:56 第107页好评爬取成功！
2021/16/03 09:19:58 第108页好评爬取成功！
2021/16/03 09:20:00 第109页好评爬取成功！
2021/16/03 09:20:03 第110页好评爬取成功！
2021/16/03 09:20:05 第111页好评爬取成功！
2021/16/03 09:20:07 第112页好评爬取成功！
2021/16/03 09:20:09 第113页好评爬取成功！
2021/16/03 09:20:12 第114页好评爬取成功！
2021/16/03 09:20:14 第115页好评爬取成功！
2021/16/03 09:20:16 第116页好评爬取成功！
2021/16/03 09:20:18 第117页好评爬取成功！
2021/16/03 09:20:21 第118页好评爬取成功！
2021/16/03 09:20:23 第119页好评爬取成功！
2021/16/03 09:20:25 第120页好评爬取成功！
2021/16/03 09:20:27 第121页好评爬取成功！
2021/16/03 09:20:30 第122页好评爬取成功！
2021/16/03 09:20:32 第123页好评爬取成功！
2021/16/03 09:20:34 第124页好评爬取成功！
2021/16/03 09:20:37 第125页好评爬取成功！
2021/16/03 09:20:39 第126页好评爬取成功！
2021/16/03 09:20:41 第127页好评爬取成功！
2021/16/03 09:20:45 正在爬取差评评论！
2021/16/03 09:20:45 第1页差评爬取成功！
2021/16/03 09:20:48 第2页差评爬取成功！
2021/16/03 09:21:03 第3页差评爬取失败...
2021/16/03 09:21:04 第4页差评爬取成功！
2021/16/03 09:21:06 第5页差评爬取成功！
2021/16/03 09:21:08 第6页差评爬取成功！
2021/16/03 09:21:10 第7页差评爬取成功！
2021/16/03 09:21:13 第8页差评爬取成功！
2021/16/03 09:21:15 第9页差评爬取成功！
2021/16/03 09:21:17 第10页差评爬取成功！
2021/16/03 09:21:19 第11页差评爬取成功！
2021/16/03 09:21:22 第12页差评爬取成功！
2021/16/03 09:21:24 第13页差评爬取成功！
2021/16/03 09:21:26 第14页差评爬取成功！
2021/16/03 09:21:28 第15页差评爬取成功！
2021/16/03 09:21:31 第16页差评爬取成功！
2021/16/03 09:21:33 第17页差评爬取成功！
2021/16/03 09:21:35 第18页差评爬取成功！
2021/16/03 09:21:37 第19页差评爬取成功！
2021/16/03 09:21:39 第20页差评爬取成功！
2021/16/03 09:21:42 第21页差评爬取成功！
2021/16/03 09:21:59 第22页差评爬取失败...
2021/16/03 09:21:59 第23页差评爬取成功！
2021/16/03 09:22:01 第24页差评爬取成功！
2021/16/03 09:22:03 第25页差评爬取成功！
2021/16/03 09:22:06 第26页差评爬取成功！
2021/16/03 09:22:08 第27页差评爬取成功！
2021/16/03 09:22:10 第28页差评爬取成功！
2021/16/03 09:22:12 第29页差评爬取成功！
2021/16/03 09:22:14 第30页差评爬取成功！
2021/16/03 09:22:17 第31页差评爬取成功！
2021/16/03 09:22:19 第32页差评爬取成功！
2021/16/03 09:22:21 第33页差评爬取成功！
2021/16/03 09:22:23 第34页差评爬取成功！
2021/16/03 09:22:26 第35页差评爬取成功！
2021/16/03 09:22:28 第36页差评爬取成功！
2021/16/03 09:22:30 第37页差评爬取成功！
2021/16/03 09:22:32 第38页差评爬取成功！
2021/16/03 09:22:35 第39页差评爬取成功！
2021/16/03 09:22:37 第40页差评爬取成功！
2021/16/03 09:22:39 第41页差评爬取成功！
2021/16/03 09:22:41 第42页差评爬取成功！
2021/16/03 09:22:44 第43页差评爬取成功！
2021/16/03 09:22:46 第44页差评爬取成功！
2021/16/03 09:22:48 第45页差评爬取成功！
2021/16/03 09:22:50 第46页差评爬取成功！
2021/16/03 09:22:53 第47页差评爬取成功！
2021/16/03 09:22:55 第48页差评爬取成功！
2021/16/03 09:22:57 第49页差评爬取成功！
2021/16/03 09:22:59 第50页差评爬取成功！
2021/16/03 09:23:02 第51页差评爬取成功！
2021/16/03 09:23:04 第52页差评爬取成功！
2021/16/03 09:23:06 第53页差评爬取成功！
2021/16/03 09:23:08 第54页差评爬取成功！
2021/16/03 09:23:11 第55页差评爬取成功！
2021/16/03 09:23:13 第56页差评爬取成功！
2021/16/03 09:23:15 第57页差评爬取成功！
2021/16/03 09:23:18 第58页差评爬取成功！
2021/16/03 09:23:20 第59页差评爬取成功！
2021/16/03 09:23:22 第60页差评爬取成功！
2021/16/03 09:23:24 第61页差评爬取成功！
2021/16/03 09:23:27 第62页差评爬取成功！
2021/16/03 09:23:29 第63页差评爬取成功！
2021/16/03 09:23:31 第64页差评爬取成功！
2021/16/03 09:23:33 第65页差评爬取成功！
2021/16/03 09:23:35 第66页差评爬取成功！
2021/16/03 09:23:38 第67页差评爬取成功！
2021/16/03 09:23:40 第68页差评爬取成功！
2021/16/03 09:23:42 第69页差评爬取成功！
2021/16/03 09:23:44 第70页差评爬取成功！
2021/16/03 09:23:47 第71页差评爬取成功！
2021/16/03 09:23:49 第72页差评爬取成功！
2021/16/03 09:23:51 第73页差评爬取成功！
2021/16/03 09:23:53 第74页差评爬取成功！
2021/16/03 09:23:56 第75页差评爬取成功！
2021/16/03 09:23:58 第76页差评爬取成功！
2021/16/03 09:24:00 第77页差评爬取成功！
2021/16/03 09:24:02 第78页差评爬取成功！
2021/16/03 09:24:05 第79页差评爬取成功！
2021/16/03 09:24:07 第80页差评爬取成功！
2021/16/03 09:24:09 第81页差评爬取成功！
2021/16/03 09:24:11 第82页差评爬取成功！
2021/16/03 09:24:14 第83页差评爬取成功！
2021/16/03 09:24:16 第84页差评爬取成功！
2021/16/03 09:24:18 第85页差评爬取成功！
2021/16/03 09:24:20 第86页差评爬取成功！
2021/16/03 09:24:23 第87页差评爬取成功！
2021/16/03 09:24:25 第88页差评爬取成功！
2021/16/03 09:24:27 第89页差评爬取成功！
2021/16/03 09:24:29 第90页差评爬取成功！
2021/16/03 09:24:32 第91页差评爬取成功！
2021/16/03 09:24:34 第92页差评爬取成功！
2021/16/03 09:24:36 第93页差评爬取成功！
2021/16/03 09:24:38 第94页差评爬取成功！
2021/16/03 09:24:41 第95页差评爬取成功！
2021/16/03 09:24:43 第96页差评爬取成功！
2021/16/03 09:24:45 第97页差评爬取成功！
2021/16/03 09:24:47 第98页差评爬取成功！
2021/16/03 09:24:50 第99页差评爬取成功！
2021/16/03 09:24:52 第100页差评爬取成功！
2021/16/03 09:24:54 第101页差评爬取成功！
2021/16/03 09:24:56 第102页差评爬取成功！
2021/16/03 09:24:59 第103页差评爬取成功！
2021/16/03 09:25:01 第104页差评爬取成功！
2021/16/03 09:25:03 第105页差评爬取成功！
2021/16/03 09:25:05 第106页差评爬取成功！
2021/16/03 09:25:08 第107页差评爬取成功！
2021/16/03 09:25:10 第108页差评爬取成功！
2021/16/03 09:25:12 第109页差评爬取成功！
2021/16/03 09:25:14 第110页差评爬取成功！
2021/16/03 09:25:17 第111页差评爬取成功！
2021/16/03 09:25:19 第112页差评爬取成功！
2021/16/03 09:25:21 第113页差评爬取成功！
2021/16/03 09:25:23 第114页差评爬取成功！
2021/16/03 09:25:26 第115页差评爬取成功！
2021/16/03 09:25:28 第116页差评爬取成功！
2021/16/03 09:25:30 第117页差评爬取成功！
2021/16/03 09:25:32 第118页差评爬取成功！
2021/16/03 09:25:35 第119页差评爬取成功！
2021/16/03 09:25:37 第120页差评爬取成功！
2021/16/03 09:25:39 第121页差评爬取成功！
2021/16/03 09:25:41 第122页差评爬取成功！
2021/16/03 09:25:44 第123页差评爬取成功！
2021/16/03 09:25:46 第124页差评爬取成功！
2021/16/03 09:25:48 第125页差评爬取成功！
2021/16/03 09:25:50 第126页差评爬取成功！
2021/16/03 09:25:53 第127页差评爬取成功！
2021/16/03 09:25:55 数据保存成功！
2021/16/03 09:33:10 ==========正在爬取【手机】评论==========
2021/16/03 09:33:30 第1页好评爬取成功！
2021/16/03 09:33:32 第2页好评爬取成功！
2021/16/03 09:33:34 第3页好评爬取成功！
2021/16/03 09:33:36 第4页好评爬取成功！
2021/16/03 09:33:39 第5页好评爬取成功！
2021/16/03 09:33:41 第6页好评爬取成功！
2021/16/03 09:33:44 第1页差评爬取成功！
2021/16/03 09:34:10 第2页差评爬取失败...
2021/16/03 09:34:10 第3页差评爬取成功！
2021/16/03 09:34:12 第4页差评爬取成功！
2021/16/03 09:34:14 第5页差评爬取成功！
2021/16/03 09:34:16 第6页差评爬取成功！
2021/16/03 09:34:18 数据保存成功！
